<?xml version="1.0" encoding="UTF-8"?>
<!-- Generated by org.testng.reporters.JUnitReportReporter -->
<testsuite hostname="INCNU4119MSQ" name="GUI.SampleTest" tests="1" failures="0" timestamp="4 Feb 2019 05:00:06 GMT" time="19.374" errors="0">
  <testcase name="test01" time="19.374" classname="GUI.SampleTest"/>
</testsuite> <!-- GUI.SampleTest -->
